<?xml version="1.0" encoding="UTF-8"?>
<testsuite name="com.moeketsi.lefa.assessment.clienttransactions.ClientTransactionsApplicationTests" tests="1" skipped="0" failures="0" errors="0" timestamp="2020-09-13T15:12:32" hostname="f4943678-Precision-3540" time="0.003">
  <properties/>
  <testcase name="contextLoads()" classname="com.moeketsi.lefa.assessment.clienttransactions.ClientTransactionsApplicationTests" time="0.003"/>
  <system-out><![CDATA[2020-09-13 17:12:32.090  INFO 22447 --- [    Test worker] .b.t.c.SpringBootTestContextBootstrapper : Neither @ContextConfiguration nor @ContextHierarchy found for test class [com.moeketsi.lefa.assessment.clienttransactions.ClientTransactionsApplicationTests], using SpringBootContextLoader
2020-09-13 17:12:32.091  INFO 22447 --- [    Test worker] o.s.t.c.support.AbstractContextLoader    : Could not detect default resource locations for test class [com.moeketsi.lefa.assessment.clienttransactions.ClientTransactionsApplicationTests]: no resource found for suffixes {-context.xml, Context.groovy}.
2020-09-13 17:12:32.091  INFO 22447 --- [    Test worker] t.c.s.AnnotationConfigContextLoaderUtils : Could not detect default configuration classes for test class [com.moeketsi.lefa.assessment.clienttransactions.ClientTransactionsApplicationTests]: ClientTransactionsApplicationTests does not declare any static, non-private, non-final, nested classes annotated with @Configuration.
2020-09-13 17:12:32.094  INFO 22447 --- [    Test worker] .b.t.c.SpringBootTestContextBootstrapper : Found @SpringBootConfiguration com.moeketsi.lefa.assessment.clienttransactions.ClientTransactionsApplication for test class com.moeketsi.lefa.assessment.clienttransactions.ClientTransactionsApplicationTests
2020-09-13 17:12:32.097  INFO 22447 --- [    Test worker] .b.t.c.SpringBootTestContextBootstrapper : Loaded default TestExecutionListener class names from location [META-INF/spring.factories]: [org.springframework.boot.test.autoconfigure.restdocs.RestDocsTestExecutionListener, org.springframework.boot.test.autoconfigure.web.client.MockRestServiceServerResetTestExecutionListener, org.springframework.boot.test.autoconfigure.web.servlet.MockMvcPrintOnlyOnFailureTestExecutionListener, org.springframework.boot.test.autoconfigure.web.servlet.WebDriverTestExecutionListener, org.springframework.boot.test.mock.mockito.MockitoTestExecutionListener, org.springframework.boot.test.mock.mockito.ResetMocksTestExecutionListener, org.springframework.test.context.web.ServletTestExecutionListener, org.springframework.test.context.support.DirtiesContextBeforeModesTestExecutionListener, org.springframework.test.context.support.DependencyInjectionTestExecutionListener, org.springframework.test.context.support.DirtiesContextTestExecutionListener, org.springframework.test.context.transaction.TransactionalTestExecutionListener, org.springframework.test.context.jdbc.SqlScriptsTestExecutionListener, org.springframework.test.context.event.EventPublishingTestExecutionListener]
2020-09-13 17:12:32.098  INFO 22447 --- [    Test worker] .b.t.c.SpringBootTestContextBootstrapper : Using TestExecutionListeners: [org.springframework.test.context.web.ServletTestExecutionListener@32157fd9, org.springframework.test.context.support.DirtiesContextBeforeModesTestExecutionListener@7ede9bdc, org.springframework.boot.test.mock.mockito.MockitoTestExecutionListener@812ce7e, org.springframework.boot.test.autoconfigure.SpringBootDependencyInjectionTestExecutionListener@5ce3dab, org.springframework.test.context.support.DirtiesContextTestExecutionListener@1cbc717c, org.springframework.test.context.transaction.TransactionalTestExecutionListener@16b6094c, org.springframework.test.context.jdbc.SqlScriptsTestExecutionListener@8c954da, org.springframework.test.context.event.EventPublishingTestExecutionListener@7c1e130d, org.springframework.boot.test.autoconfigure.restdocs.RestDocsTestExecutionListener@3d6aa63, org.springframework.boot.test.autoconfigure.web.client.MockRestServiceServerResetTestExecutionListener@258c3f3c, org.springframework.boot.test.autoconfigure.web.servlet.MockMvcPrintOnlyOnFailureTestExecutionListener@67a1c0d3, org.springframework.boot.test.autoconfigure.web.servlet.WebDriverTestExecutionListener@6b2b2151, org.springframework.boot.test.mock.mockito.ResetMocksTestExecutionListener@5d180be5]
]]></system-out>
  <system-err><![CDATA[]]></system-err>
</testsuite>
