<?xml version="1.0" encoding="UTF-8"?>
<testsuite name="com.moeketsi.lefa.assessment.clienttransactions.ClientTransactionsApplicationTests" tests="1" skipped="0" failures="0" errors="0" timestamp="2020-09-12T22:46:29" hostname="f4943678-Precision-3540" time="0.003">
  <properties/>
  <testcase name="contextLoads()" classname="com.moeketsi.lefa.assessment.clienttransactions.ClientTransactionsApplicationTests" time="0.003"/>
  <system-out><![CDATA[2020-09-13 00:46:29.239  INFO 19588 --- [    Test worker] .b.t.c.SpringBootTestContextBootstrapper : Neither @ContextConfiguration nor @ContextHierarchy found for test class [com.moeketsi.lefa.assessment.clienttransactions.ClientTransactionsApplicationTests], using SpringBootContextLoader
2020-09-13 00:46:29.240  INFO 19588 --- [    Test worker] o.s.t.c.support.AbstractContextLoader    : Could not detect default resource locations for test class [com.moeketsi.lefa.assessment.clienttransactions.ClientTransactionsApplicationTests]: no resource found for suffixes {-context.xml, Context.groovy}.
2020-09-13 00:46:29.240  INFO 19588 --- [    Test worker] t.c.s.AnnotationConfigContextLoaderUtils : Could not detect default configuration classes for test class [com.moeketsi.lefa.assessment.clienttransactions.ClientTransactionsApplicationTests]: ClientTransactionsApplicationTests does not declare any static, non-private, non-final, nested classes annotated with @Configuration.
2020-09-13 00:46:29.243  INFO 19588 --- [    Test worker] .b.t.c.SpringBootTestContextBootstrapper : Found @SpringBootConfiguration com.moeketsi.lefa.assessment.clienttransactions.ClientTransactionsApplication for test class com.moeketsi.lefa.assessment.clienttransactions.ClientTransactionsApplicationTests
2020-09-13 00:46:29.244  INFO 19588 --- [    Test worker] .b.t.c.SpringBootTestContextBootstrapper : Loaded default TestExecutionListener class names from location [META-INF/spring.factories]: [org.springframework.boot.test.autoconfigure.restdocs.RestDocsTestExecutionListener, org.springframework.boot.test.autoconfigure.web.client.MockRestServiceServerResetTestExecutionListener, org.springframework.boot.test.autoconfigure.web.servlet.MockMvcPrintOnlyOnFailureTestExecutionListener, org.springframework.boot.test.autoconfigure.web.servlet.WebDriverTestExecutionListener, org.springframework.boot.test.mock.mockito.MockitoTestExecutionListener, org.springframework.boot.test.mock.mockito.ResetMocksTestExecutionListener, org.springframework.test.context.web.ServletTestExecutionListener, org.springframework.test.context.support.DirtiesContextBeforeModesTestExecutionListener, org.springframework.test.context.support.DependencyInjectionTestExecutionListener, org.springframework.test.context.support.DirtiesContextTestExecutionListener, org.springframework.test.context.transaction.TransactionalTestExecutionListener, org.springframework.test.context.jdbc.SqlScriptsTestExecutionListener, org.springframework.test.context.event.EventPublishingTestExecutionListener]
2020-09-13 00:46:29.245  INFO 19588 --- [    Test worker] .b.t.c.SpringBootTestContextBootstrapper : Using TestExecutionListeners: [org.springframework.test.context.web.ServletTestExecutionListener@7964fd40, org.springframework.test.context.support.DirtiesContextBeforeModesTestExecutionListener@1f513845, org.springframework.boot.test.mock.mockito.MockitoTestExecutionListener@5a733329, org.springframework.boot.test.autoconfigure.SpringBootDependencyInjectionTestExecutionListener@551ab1bf, org.springframework.test.context.support.DirtiesContextTestExecutionListener@bcad8a1, org.springframework.test.context.transaction.TransactionalTestExecutionListener@1d4f4a8d, org.springframework.test.context.jdbc.SqlScriptsTestExecutionListener@5ee6c876, org.springframework.test.context.event.EventPublishingTestExecutionListener@5e710d5c, org.springframework.boot.test.autoconfigure.restdocs.RestDocsTestExecutionListener@3a3c9e3, org.springframework.boot.test.autoconfigure.web.client.MockRestServiceServerResetTestExecutionListener@645ff038, org.springframework.boot.test.autoconfigure.web.servlet.MockMvcPrintOnlyOnFailureTestExecutionListener@c1231bd, org.springframework.boot.test.autoconfigure.web.servlet.WebDriverTestExecutionListener@5a5fc68e, org.springframework.boot.test.mock.mockito.ResetMocksTestExecutionListener@47aef0f7]
]]></system-out>
  <system-err><![CDATA[]]></system-err>
</testsuite>
