<?xml version="1.0" encoding="UTF-8"?>
<testsuite name="com.moeketsi.lefa.assessment.clienttransactions.controller.ClientControllerTest" tests="8" skipped="0" failures="0" errors="0" timestamp="2020-09-13T15:12:31" hostname="f4943678-Precision-3540" time="0.188">
  <properties/>
  <testcase name="addClientTransactions()" classname="com.moeketsi.lefa.assessment.clienttransactions.controller.ClientControllerTest" time="0.003"/>
  <testcase name="getTransactionsByPhoneNumberException()" classname="com.moeketsi.lefa.assessment.clienttransactions.controller.ClientControllerTest" time="0.148"/>
  <testcase name="addClient()" classname="com.moeketsi.lefa.assessment.clienttransactions.controller.ClientControllerTest" time="0.003"/>
  <testcase name="getTransactionsByFirstName()" classname="com.moeketsi.lefa.assessment.clienttransactions.controller.ClientControllerTest" time="0.002"/>
  <testcase name="getTransactionsIdNumberException()" classname="com.moeketsi.lefa.assessment.clienttransactions.controller.ClientControllerTest" time="0.009"/>
  <testcase name="getTransactionsByPhoneNumber()" classname="com.moeketsi.lefa.assessment.clienttransactions.controller.ClientControllerTest" time="0.003"/>
  <testcase name="getTransactionsByFirstNameException()" classname="com.moeketsi.lefa.assessment.clienttransactions.controller.ClientControllerTest" time="0.01"/>
  <testcase name="getTransactionsIdNumber()" classname="com.moeketsi.lefa.assessment.clienttransactions.controller.ClientControllerTest" time="0.002"/>
  <system-out><![CDATA[2020-09-13 17:12:30.857  INFO 22447 --- [    Test worker] .b.t.c.SpringBootTestContextBootstrapper : Neither @ContextConfiguration nor @ContextHierarchy found for test class [com.moeketsi.lefa.assessment.clienttransactions.controller.ClientControllerTest], using SpringBootContextLoader
2020-09-13 17:12:30.858  INFO 22447 --- [    Test worker] o.s.t.c.support.AbstractContextLoader    : Could not detect default resource locations for test class [com.moeketsi.lefa.assessment.clienttransactions.controller.ClientControllerTest]: no resource found for suffixes {-context.xml, Context.groovy}.
2020-09-13 17:12:30.858  INFO 22447 --- [    Test worker] t.c.s.AnnotationConfigContextLoaderUtils : Could not detect default configuration classes for test class [com.moeketsi.lefa.assessment.clienttransactions.controller.ClientControllerTest]: ClientControllerTest does not declare any static, non-private, non-final, nested classes annotated with @Configuration.
2020-09-13 17:12:30.870  INFO 22447 --- [    Test worker] .b.t.c.SpringBootTestContextBootstrapper : Found @SpringBootConfiguration com.moeketsi.lefa.assessment.clienttransactions.ClientTransactionsApplication for test class com.moeketsi.lefa.assessment.clienttransactions.controller.ClientControllerTest
2020-09-13 17:12:30.872  INFO 22447 --- [    Test worker] .b.t.c.SpringBootTestContextBootstrapper : Loaded default TestExecutionListener class names from location [META-INF/spring.factories]: [org.springframework.boot.test.autoconfigure.restdocs.RestDocsTestExecutionListener, org.springframework.boot.test.autoconfigure.web.client.MockRestServiceServerResetTestExecutionListener, org.springframework.boot.test.autoconfigure.web.servlet.MockMvcPrintOnlyOnFailureTestExecutionListener, org.springframework.boot.test.autoconfigure.web.servlet.WebDriverTestExecutionListener, org.springframework.boot.test.mock.mockito.MockitoTestExecutionListener, org.springframework.boot.test.mock.mockito.ResetMocksTestExecutionListener, org.springframework.test.context.web.ServletTestExecutionListener, org.springframework.test.context.support.DirtiesContextBeforeModesTestExecutionListener, org.springframework.test.context.support.DependencyInjectionTestExecutionListener, org.springframework.test.context.support.DirtiesContextTestExecutionListener, org.springframework.test.context.transaction.TransactionalTestExecutionListener, org.springframework.test.context.jdbc.SqlScriptsTestExecutionListener, org.springframework.test.context.event.EventPublishingTestExecutionListener]
2020-09-13 17:12:30.872  INFO 22447 --- [    Test worker] .b.t.c.SpringBootTestContextBootstrapper : Using TestExecutionListeners: [org.springframework.test.context.web.ServletTestExecutionListener@626d9009, org.springframework.test.context.support.DirtiesContextBeforeModesTestExecutionListener@19ea886b, org.springframework.boot.test.mock.mockito.MockitoTestExecutionListener@379abd89, org.springframework.boot.test.autoconfigure.SpringBootDependencyInjectionTestExecutionListener@3cb82cc7, org.springframework.test.context.support.DirtiesContextTestExecutionListener@32db0e81, org.springframework.test.context.transaction.TransactionalTestExecutionListener@7fbf7161, org.springframework.test.context.jdbc.SqlScriptsTestExecutionListener@1d2bedea, org.springframework.test.context.event.EventPublishingTestExecutionListener@6088249c, org.springframework.boot.test.autoconfigure.restdocs.RestDocsTestExecutionListener@acd810a, org.springframework.boot.test.autoconfigure.web.client.MockRestServiceServerResetTestExecutionListener@efddd4b, org.springframework.boot.test.autoconfigure.web.servlet.MockMvcPrintOnlyOnFailureTestExecutionListener@4cfb35c3, org.springframework.boot.test.autoconfigure.web.servlet.WebDriverTestExecutionListener@6d764404, org.springframework.boot.test.mock.mockito.ResetMocksTestExecutionListener@b554d71]

  .   ____          _            __ _ _
 /\\ / ___'_ __ _ _(_)_ __  __ _ \ \ \ \
( ( )\___ | '_ | '_| | '_ \/ _` | \ \ \ \
 \\/  ___)| |_)| | | | | || (_| |  ) ) ) )
  '  |____| .__|_| |_|_| |_\__, | / / / /
 =========|_|==============|___/=/_/_/_/
 :: Spring Boot ::        (v2.2.9.RELEASE)

2020-09-13 17:12:30.896  INFO 22447 --- [    Test worker] c.m.l.a.c.c.ClientControllerTest         : Starting ClientControllerTest on f4943678-Precision-3540 with PID 22447 (started by f4943678 in /home/f4943678/Documents/project/client-transactions-service)
2020-09-13 17:12:30.897  INFO 22447 --- [    Test worker] c.m.l.a.c.c.ClientControllerTest         : No active profile set, falling back to default profiles: default
2020-09-13 17:12:31.092  INFO 22447 --- [    Test worker] .s.d.r.c.RepositoryConfigurationDelegate : Bootstrapping Spring Data JPA repositories in DEFAULT mode.
2020-09-13 17:12:31.100  INFO 22447 --- [    Test worker] .s.d.r.c.RepositoryConfigurationDelegate : Finished Spring Data repository scanning in 7ms. Found 2 JPA repository interfaces.
2020-09-13 17:12:31.220  INFO 22447 --- [    Test worker] com.zaxxer.hikari.HikariDataSource       : HikariPool-2 - Starting...
2020-09-13 17:12:31.221  INFO 22447 --- [    Test worker] com.zaxxer.hikari.HikariDataSource       : HikariPool-2 - Start completed.
2020-09-13 17:12:31.229  INFO 22447 --- [    Test worker] o.hibernate.jpa.internal.util.LogHelper  : HHH000204: Processing PersistenceUnitInfo [name: default]
2020-09-13 17:12:31.232  INFO 22447 --- [    Test worker] org.hibernate.dialect.Dialect            : HHH000400: Using dialect: org.hibernate.dialect.H2Dialect
Hibernate: drop table if exists client CASCADE 
Hibernate: drop table if exists transaction CASCADE 
Hibernate: create table client (id integer generated by default as identity, city varchar(255), street_address varchar(255), zipcode varchar(255), first_name varchar(255) not null, full_name varchar(255), id_number varchar(13) not null, last_name varchar(255) not null, mobile_number varchar(255) not null, primary key (id))
Hibernate: create table transaction (id integer generated by default as identity, amount Decimal(10,2) default '0.00', transaction_date timestamp, client_id integer, primary key (id))
Hibernate: alter table client add constraint UK_igidsidwly784okaubk0osf59 unique (id_number)
Hibernate: alter table client add constraint UK_pbc0qdyc2sanu718sspg5o7ha unique (mobile_number)
Hibernate: alter table transaction add constraint fk_client_id foreign key (client_id) references client
2020-09-13 17:12:31.289  INFO 22447 --- [    Test worker] o.h.e.t.j.p.i.JtaPlatformInitiator       : HHH000490: Using JtaPlatform implementation: [org.hibernate.engine.transaction.jta.platform.internal.NoJtaPlatform]
2020-09-13 17:12:31.289  INFO 22447 --- [    Test worker] j.LocalContainerEntityManagerFactoryBean : Initialized JPA EntityManagerFactory for persistence unit 'default'
2020-09-13 17:12:31.460  WARN 22447 --- [    Test worker] JpaBaseConfiguration$JpaWebConfiguration : spring.jpa.open-in-view is enabled by default. Therefore, database queries may be performed during view rendering. Explicitly configure spring.jpa.open-in-view to disable this warning
2020-09-13 17:12:31.562  INFO 22447 --- [    Test worker] pertySourcedRequestMappingHandlerMapping : Mapped URL path [/v2/api-docs] onto method [springfox.documentation.swagger2.web.Swagger2Controller#getDocumentation(String, HttpServletRequest)]
2020-09-13 17:12:31.683  INFO 22447 --- [    Test worker] o.s.s.concurrent.ThreadPoolTaskExecutor  : Initializing ExecutorService 'applicationTaskExecutor'
2020-09-13 17:12:31.781  INFO 22447 --- [    Test worker] o.s.b.a.h2.H2ConsoleAutoConfiguration    : H2 console available at '/h2-console'. Database available at 'jdbc:h2:mem:testdb'
2020-09-13 17:12:31.827  INFO 22447 --- [    Test worker] o.s.b.t.m.w.SpringBootMockServletContext : Initializing Spring TestDispatcherServlet ''
2020-09-13 17:12:31.827  INFO 22447 --- [    Test worker] o.s.t.web.servlet.TestDispatcherServlet  : Initializing Servlet ''
2020-09-13 17:12:31.836  INFO 22447 --- [    Test worker] o.s.t.web.servlet.TestDispatcherServlet  : Completed initialization in 9 ms
2020-09-13 17:12:31.842  INFO 22447 --- [    Test worker] d.s.w.p.DocumentationPluginsBootstrapper : Context refreshed
2020-09-13 17:12:31.843  INFO 22447 --- [    Test worker] d.s.w.p.DocumentationPluginsBootstrapper : Found 1 custom documentation plugin(s)
2020-09-13 17:12:31.846  INFO 22447 --- [    Test worker] s.d.s.w.s.ApiListingReferenceScanner     : Scanning for api listing references
2020-09-13 17:12:31.876  INFO 22447 --- [    Test worker] c.m.l.a.c.c.ClientControllerTest         : Started ClientControllerTest in 1.002 seconds (JVM running for 8.388)
]]></system-out>
  <system-err><![CDATA[]]></system-err>
</testsuite>
