<?xml version="1.0" encoding="UTF-8"?>
<testsuite name="com.moeketsi.lefa.assessment.clienttransactions.ClientTransactionsApplicationTests" tests="1" skipped="0" failures="0" errors="0" timestamp="2020-09-13T15:22:37" hostname="f4943678-Precision-3540" time="0.002">
  <properties/>
  <testcase name="contextLoads()" classname="com.moeketsi.lefa.assessment.clienttransactions.ClientTransactionsApplicationTests" time="0.002"/>
  <system-out><![CDATA[2020-09-13 17:22:37.944  INFO 23864 --- [    Test worker] .b.t.c.SpringBootTestContextBootstrapper : Neither @ContextConfiguration nor @ContextHierarchy found for test class [com.moeketsi.lefa.assessment.clienttransactions.ClientTransactionsApplicationTests], using SpringBootContextLoader
2020-09-13 17:22:37.945  INFO 23864 --- [    Test worker] o.s.t.c.support.AbstractContextLoader    : Could not detect default resource locations for test class [com.moeketsi.lefa.assessment.clienttransactions.ClientTransactionsApplicationTests]: no resource found for suffixes {-context.xml, Context.groovy}.
2020-09-13 17:22:37.946  INFO 23864 --- [    Test worker] t.c.s.AnnotationConfigContextLoaderUtils : Could not detect default configuration classes for test class [com.moeketsi.lefa.assessment.clienttransactions.ClientTransactionsApplicationTests]: ClientTransactionsApplicationTests does not declare any static, non-private, non-final, nested classes annotated with @Configuration.
2020-09-13 17:22:37.951  INFO 23864 --- [    Test worker] .b.t.c.SpringBootTestContextBootstrapper : Found @SpringBootConfiguration com.moeketsi.lefa.assessment.clienttransactions.ClientTransactionsApplication for test class com.moeketsi.lefa.assessment.clienttransactions.ClientTransactionsApplicationTests
2020-09-13 17:22:37.953  INFO 23864 --- [    Test worker] .b.t.c.SpringBootTestContextBootstrapper : Loaded default TestExecutionListener class names from location [META-INF/spring.factories]: [org.springframework.boot.test.autoconfigure.restdocs.RestDocsTestExecutionListener, org.springframework.boot.test.autoconfigure.web.client.MockRestServiceServerResetTestExecutionListener, org.springframework.boot.test.autoconfigure.web.servlet.MockMvcPrintOnlyOnFailureTestExecutionListener, org.springframework.boot.test.autoconfigure.web.servlet.WebDriverTestExecutionListener, org.springframework.boot.test.mock.mockito.MockitoTestExecutionListener, org.springframework.boot.test.mock.mockito.ResetMocksTestExecutionListener, org.springframework.test.context.web.ServletTestExecutionListener, org.springframework.test.context.support.DirtiesContextBeforeModesTestExecutionListener, org.springframework.test.context.support.DependencyInjectionTestExecutionListener, org.springframework.test.context.support.DirtiesContextTestExecutionListener, org.springframework.test.context.transaction.TransactionalTestExecutionListener, org.springframework.test.context.jdbc.SqlScriptsTestExecutionListener, org.springframework.test.context.event.EventPublishingTestExecutionListener]
2020-09-13 17:22:37.954  INFO 23864 --- [    Test worker] .b.t.c.SpringBootTestContextBootstrapper : Using TestExecutionListeners: [org.springframework.test.context.web.ServletTestExecutionListener@26c13776, org.springframework.test.context.support.DirtiesContextBeforeModesTestExecutionListener@21d9440a, org.springframework.boot.test.mock.mockito.MockitoTestExecutionListener@478f05b8, org.springframework.boot.test.autoconfigure.SpringBootDependencyInjectionTestExecutionListener@3485a239, org.springframework.test.context.support.DirtiesContextTestExecutionListener@1b504958, org.springframework.test.context.transaction.TransactionalTestExecutionListener@7042a72c, org.springframework.test.context.jdbc.SqlScriptsTestExecutionListener@4f5fde59, org.springframework.test.context.event.EventPublishingTestExecutionListener@565229e1, org.springframework.boot.test.autoconfigure.restdocs.RestDocsTestExecutionListener@4fd1a0fa, org.springframework.boot.test.autoconfigure.web.client.MockRestServiceServerResetTestExecutionListener@2a4f15eb, org.springframework.boot.test.autoconfigure.web.servlet.MockMvcPrintOnlyOnFailureTestExecutionListener@1b53bbed, org.springframework.boot.test.autoconfigure.web.servlet.WebDriverTestExecutionListener@5c098447, org.springframework.boot.test.mock.mockito.ResetMocksTestExecutionListener@1e1d294c]
]]></system-out>
  <system-err><![CDATA[]]></system-err>
</testsuite>
