<?xml version="1.0" encoding="UTF-8"?>
<testsuite name="com.moeketsi.lefa.assessment.clienttransactions.service.ClientTransactionServiceTest" tests="9" skipped="0" failures="0" errors="0" timestamp="2020-09-12T22:46:27" hostname="f4943678-Precision-3540" time="0.082">
  <properties/>
  <testcase name="addClientTranactionTestNoClientExistTest()" classname="com.moeketsi.lefa.assessment.clienttransactions.service.ClientTransactionServiceTest" time="0.041"/>
  <testcase name="searchByIdNumberTest()" classname="com.moeketsi.lefa.assessment.clienttransactions.service.ClientTransactionServiceTest" time="0.005"/>
  <testcase name="addClientDuplicateTest()" classname="com.moeketsi.lefa.assessment.clienttransactions.service.ClientTransactionServiceTest" time="0.003"/>
  <testcase name="addClientTranactionTestExceptionTest()" classname="com.moeketsi.lefa.assessment.clienttransactions.service.ClientTransactionServiceTest" time="0.005"/>
  <testcase name="addClientTest()" classname="com.moeketsi.lefa.assessment.clienttransactions.service.ClientTransactionServiceTest" time="0.003"/>
  <testcase name="searchByFirstNameTest()" classname="com.moeketsi.lefa.assessment.clienttransactions.service.ClientTransactionServiceTest" time="0.003"/>
  <testcase name="addClientExceptionTest()" classname="com.moeketsi.lefa.assessment.clienttransactions.service.ClientTransactionServiceTest" time="0.004"/>
  <testcase name="addClientTranactionTestTest()" classname="com.moeketsi.lefa.assessment.clienttransactions.service.ClientTransactionServiceTest" time="0.004"/>
  <testcase name="searchByMobileNumberTest()" classname="com.moeketsi.lefa.assessment.clienttransactions.service.ClientTransactionServiceTest" time="0.003"/>
  <system-out><![CDATA[00:46:23.383 [Test worker] DEBUG org.springframework.test.context.BootstrapUtils - Instantiating CacheAwareContextLoaderDelegate from class [org.springframework.test.context.cache.DefaultCacheAwareContextLoaderDelegate]
00:46:23.390 [Test worker] DEBUG org.springframework.test.context.BootstrapUtils - Instantiating BootstrapContext using constructor [public org.springframework.test.context.support.DefaultBootstrapContext(java.lang.Class,org.springframework.test.context.CacheAwareContextLoaderDelegate)]
00:46:23.408 [Test worker] DEBUG org.springframework.test.context.BootstrapUtils - Instantiating TestContextBootstrapper for test class [com.moeketsi.lefa.assessment.clienttransactions.service.ClientTransactionServiceTest] from class [org.springframework.boot.test.context.SpringBootTestContextBootstrapper]
00:46:23.416 [Test worker] INFO org.springframework.boot.test.context.SpringBootTestContextBootstrapper - Neither @ContextConfiguration nor @ContextHierarchy found for test class [com.moeketsi.lefa.assessment.clienttransactions.service.ClientTransactionServiceTest], using SpringBootContextLoader
00:46:23.419 [Test worker] DEBUG org.springframework.test.context.support.AbstractContextLoader - Did not detect default resource location for test class [com.moeketsi.lefa.assessment.clienttransactions.service.ClientTransactionServiceTest]: class path resource [com/moeketsi/lefa/assessment/clienttransactions/service/ClientTransactionServiceTest-context.xml] does not exist
00:46:23.419 [Test worker] DEBUG org.springframework.test.context.support.AbstractContextLoader - Did not detect default resource location for test class [com.moeketsi.lefa.assessment.clienttransactions.service.ClientTransactionServiceTest]: class path resource [com/moeketsi/lefa/assessment/clienttransactions/service/ClientTransactionServiceTestContext.groovy] does not exist
00:46:23.419 [Test worker] INFO org.springframework.test.context.support.AbstractContextLoader - Could not detect default resource locations for test class [com.moeketsi.lefa.assessment.clienttransactions.service.ClientTransactionServiceTest]: no resource found for suffixes {-context.xml, Context.groovy}.
00:46:23.420 [Test worker] INFO org.springframework.test.context.support.AnnotationConfigContextLoaderUtils - Could not detect default configuration classes for test class [com.moeketsi.lefa.assessment.clienttransactions.service.ClientTransactionServiceTest]: ClientTransactionServiceTest does not declare any static, non-private, non-final, nested classes annotated with @Configuration.
00:46:23.443 [Test worker] DEBUG org.springframework.test.context.support.ActiveProfilesUtils - Could not find an 'annotation declaring class' for annotation type [org.springframework.test.context.ActiveProfiles] and class [com.moeketsi.lefa.assessment.clienttransactions.service.ClientTransactionServiceTest]
00:46:23.487 [Test worker] DEBUG org.springframework.context.annotation.ClassPathScanningCandidateComponentProvider - Identified candidate component class: file [/home/f4943678/Documents/client-transactions/build/classes/java/main/com/moeketsi/lefa/assessment/clienttransactions/ClientTransactionsApplication.class]
00:46:23.487 [Test worker] INFO org.springframework.boot.test.context.SpringBootTestContextBootstrapper - Found @SpringBootConfiguration com.moeketsi.lefa.assessment.clienttransactions.ClientTransactionsApplication for test class com.moeketsi.lefa.assessment.clienttransactions.service.ClientTransactionServiceTest
00:46:23.543 [Test worker] DEBUG org.springframework.boot.test.context.SpringBootTestContextBootstrapper - @TestExecutionListeners is not present for class [com.moeketsi.lefa.assessment.clienttransactions.service.ClientTransactionServiceTest]: using defaults.
00:46:23.543 [Test worker] INFO org.springframework.boot.test.context.SpringBootTestContextBootstrapper - Loaded default TestExecutionListener class names from location [META-INF/spring.factories]: [org.springframework.boot.test.autoconfigure.restdocs.RestDocsTestExecutionListener, org.springframework.boot.test.autoconfigure.web.client.MockRestServiceServerResetTestExecutionListener, org.springframework.boot.test.autoconfigure.web.servlet.MockMvcPrintOnlyOnFailureTestExecutionListener, org.springframework.boot.test.autoconfigure.web.servlet.WebDriverTestExecutionListener, org.springframework.boot.test.mock.mockito.MockitoTestExecutionListener, org.springframework.boot.test.mock.mockito.ResetMocksTestExecutionListener, org.springframework.test.context.web.ServletTestExecutionListener, org.springframework.test.context.support.DirtiesContextBeforeModesTestExecutionListener, org.springframework.test.context.support.DependencyInjectionTestExecutionListener, org.springframework.test.context.support.DirtiesContextTestExecutionListener, org.springframework.test.context.transaction.TransactionalTestExecutionListener, org.springframework.test.context.jdbc.SqlScriptsTestExecutionListener, org.springframework.test.context.event.EventPublishingTestExecutionListener]
00:46:23.552 [Test worker] INFO org.springframework.boot.test.context.SpringBootTestContextBootstrapper - Using TestExecutionListeners: [org.springframework.test.context.web.ServletTestExecutionListener@39c635f7, org.springframework.test.context.support.DirtiesContextBeforeModesTestExecutionListener@771c2480, org.springframework.boot.test.mock.mockito.MockitoTestExecutionListener@4a1692e, org.springframework.boot.test.autoconfigure.SpringBootDependencyInjectionTestExecutionListener@132bf713, org.springframework.test.context.support.DirtiesContextTestExecutionListener@1bca010c, org.springframework.test.context.transaction.TransactionalTestExecutionListener@de41ed1, org.springframework.test.context.jdbc.SqlScriptsTestExecutionListener@203ee5a, org.springframework.test.context.event.EventPublishingTestExecutionListener@4e5c1266, org.springframework.boot.test.autoconfigure.restdocs.RestDocsTestExecutionListener@5d5a8c0, org.springframework.boot.test.autoconfigure.web.client.MockRestServiceServerResetTestExecutionListener@28ea3c3d, org.springframework.boot.test.autoconfigure.web.servlet.MockMvcPrintOnlyOnFailureTestExecutionListener@35866644, org.springframework.boot.test.autoconfigure.web.servlet.WebDriverTestExecutionListener@1b679db0, org.springframework.boot.test.mock.mockito.ResetMocksTestExecutionListener@33dcb5b4]
00:46:23.554 [Test worker] DEBUG org.springframework.test.context.support.AbstractDirtiesContextTestExecutionListener - Before test class: context [DefaultTestContext@4df1c141 testClass = ClientTransactionServiceTest, testInstance = [null], testMethod = [null], testException = [null], mergedContextConfiguration = [WebMergedContextConfiguration@4a52e98c testClass = ClientTransactionServiceTest, locations = '{}', classes = '{class com.moeketsi.lefa.assessment.clienttransactions.ClientTransactionsApplication}', contextInitializerClasses = '[]', activeProfiles = '{}', propertySourceLocations = '{}', propertySourceProperties = '{org.springframework.boot.test.context.SpringBootTestContextBootstrapper=true}', contextCustomizers = set[org.springframework.boot.test.autoconfigure.properties.PropertyMappingContextCustomizer@0, org.springframework.boot.test.autoconfigure.web.servlet.WebDriverContextCustomizerFactory$Customizer@482134e0, org.springframework.boot.test.context.filter.ExcludeFilterContextCustomizer@6f63ee2, org.springframework.boot.test.json.DuplicateJsonObjectContextCustomizerFactory$DuplicateJsonObjectContextCustomizer@5e7da87c, org.springframework.boot.test.mock.mockito.MockitoContextCustomizer@0, org.springframework.boot.test.web.client.TestRestTemplateContextCustomizer@6a8a7f2e, org.springframework.boot.test.context.SpringBootTestArgs@1], resourceBasePath = 'src/main/webapp', contextLoader = 'org.springframework.boot.test.context.SpringBootContextLoader', parent = [null]], attributes = map['org.springframework.test.context.web.ServletTestExecutionListener.activateListener' -> true]], class annotated with @DirtiesContext [false] with mode [null].
00:46:23.570 [Test worker] DEBUG org.springframework.test.context.support.TestPropertySourceUtils - Adding inlined properties to environment: {spring.jmx.enabled=false, org.springframework.boot.test.context.SpringBootTestContextBootstrapper=true, server.port=-1}

  .   ____          _            __ _ _
 /\\ / ___'_ __ _ _(_)_ __  __ _ \ \ \ \
( ( )\___ | '_ | '_| | '_ \/ _` | \ \ \ \
 \\/  ___)| |_)| | | | | || (_| |  ) ) ) )
  '  |____| .__|_| |_|_| |_\__, | / / / /
 =========|_|==============|___/=/_/_/_/
 :: Spring Boot ::        (v2.2.9.RELEASE)

2020-09-13 00:46:23.749  INFO 19588 --- [    Test worker] c.m.l.a.c.s.ClientTransactionServiceTest : Starting ClientTransactionServiceTest on f4943678-Precision-3540 with PID 19588 (started by f4943678 in /home/f4943678/Documents/client-transactions)
2020-09-13 00:46:23.750  INFO 19588 --- [    Test worker] c.m.l.a.c.s.ClientTransactionServiceTest : No active profile set, falling back to default profiles: default
2020-09-13 00:46:24.488  INFO 19588 --- [    Test worker] .s.d.r.c.RepositoryConfigurationDelegate : Bootstrapping Spring Data JPA repositories in DEFAULT mode.
2020-09-13 00:46:24.550  INFO 19588 --- [    Test worker] .s.d.r.c.RepositoryConfigurationDelegate : Finished Spring Data repository scanning in 46ms. Found 2 JPA repository interfaces.
2020-09-13 00:46:25.007  INFO 19588 --- [    Test worker] com.zaxxer.hikari.HikariDataSource       : HikariPool-1 - Starting...
2020-09-13 00:46:25.135  INFO 19588 --- [    Test worker] com.zaxxer.hikari.HikariDataSource       : HikariPool-1 - Start completed.
2020-09-13 00:46:25.182  INFO 19588 --- [    Test worker] o.hibernate.jpa.internal.util.LogHelper  : HHH000204: Processing PersistenceUnitInfo [name: default]
2020-09-13 00:46:25.217  INFO 19588 --- [    Test worker] org.hibernate.Version                    : HHH000412: Hibernate ORM core version 5.4.18.Final
2020-09-13 00:46:25.310  INFO 19588 --- [    Test worker] o.hibernate.annotations.common.Version   : HCANN000001: Hibernate Commons Annotations {5.1.0.Final}
2020-09-13 00:46:25.408  INFO 19588 --- [    Test worker] org.hibernate.dialect.Dialect            : HHH000400: Using dialect: org.hibernate.dialect.H2Dialect
Hibernate: drop table if exists client CASCADE 
Hibernate: drop table if exists transaction CASCADE 
Hibernate: create table client (id integer generated by default as identity, city varchar(255), street_address varchar(255), zipcode varchar(255), first_name varchar(255) not null, full_name varchar(255), id_number varchar(13) not null, last_name varchar(255) not null, mobile_number varchar(255) not null, primary key (id))
Hibernate: create table transaction (id integer generated by default as identity, amount Decimal(10,2) default '0.00', transaction_date timestamp, client_id integer, primary key (id))
Hibernate: alter table client add constraint UK_igidsidwly784okaubk0osf59 unique (id_number)
Hibernate: alter table client add constraint UK_pbc0qdyc2sanu718sspg5o7ha unique (mobile_number)
Hibernate: alter table transaction add constraint fk_client_id foreign key (client_id) references client
2020-09-13 00:46:26.043  INFO 19588 --- [    Test worker] o.h.e.t.j.p.i.JtaPlatformInitiator       : HHH000490: Using JtaPlatform implementation: [org.hibernate.engine.transaction.jta.platform.internal.NoJtaPlatform]
2020-09-13 00:46:26.063  INFO 19588 --- [    Test worker] j.LocalContainerEntityManagerFactoryBean : Initialized JPA EntityManagerFactory for persistence unit 'default'
2020-09-13 00:46:26.654  WARN 19588 --- [    Test worker] JpaBaseConfiguration$JpaWebConfiguration : spring.jpa.open-in-view is enabled by default. Therefore, database queries may be performed during view rendering. Explicitly configure spring.jpa.open-in-view to disable this warning
2020-09-13 00:46:26.888  INFO 19588 --- [    Test worker] pertySourcedRequestMappingHandlerMapping : Mapped URL path [/v2/api-docs] onto method [springfox.documentation.swagger2.web.Swagger2Controller#getDocumentation(String, HttpServletRequest)]
2020-09-13 00:46:27.208  INFO 19588 --- [    Test worker] o.s.s.concurrent.ThreadPoolTaskExecutor  : Initializing ExecutorService 'applicationTaskExecutor'
2020-09-13 00:46:27.453  INFO 19588 --- [    Test worker] o.s.b.a.h2.H2ConsoleAutoConfiguration    : H2 console available at '/h2-console'. Database available at 'jdbc:h2:mem:testdb'
2020-09-13 00:46:27.513  INFO 19588 --- [    Test worker] d.s.w.p.DocumentationPluginsBootstrapper : Context refreshed
2020-09-13 00:46:27.528  INFO 19588 --- [    Test worker] d.s.w.p.DocumentationPluginsBootstrapper : Found 1 custom documentation plugin(s)
2020-09-13 00:46:27.545  INFO 19588 --- [    Test worker] s.d.s.w.s.ApiListingReferenceScanner     : Scanning for api listing references
2020-09-13 00:46:27.669  INFO 19588 --- [    Test worker] c.m.l.a.c.s.ClientTransactionServiceTest : Started ClientTransactionServiceTest in 4.092 seconds (JVM running for 4.812)
2020-09-13 00:46:27.889 ERROR 19588 --- [    Test worker] c.m.l.a.c.s.ClientTransactionServiceImpl : Failed to add transactions : 
2020-09-13 00:46:27.905 ERROR 19588 --- [    Test worker] c.m.l.a.c.s.ClientTransactionServiceImpl : Failed to add client : 
]]></system-out>
  <system-err><![CDATA[]]></system-err>
</testsuite>
